0 info it worked if it ends with ok
1 verbose cli [ 'C:\\Program Files\\nodejs\\node.exe',
1 verbose cli   'C:\\Users\\remo\\AppData\\Roaming\\npm\\node_modules\\npm\\bin\\npm-cli.js',
1 verbose cli   'run',
1 verbose cli   'commit' ]
2 info using npm@4.0.2
3 info using node@v6.4.0
4 verbose run-script [ 'precommit', 'commit', 'postcommit' ]
5 info lifecycle vue-media-embed@0.0.1~precommit: vue-media-embed@0.0.1
6 silly lifecycle vue-media-embed@0.0.1~precommit: no script for precommit, continuing
7 info lifecycle vue-media-embed@0.0.1~commit: vue-media-embed@0.0.1
8 verbose lifecycle vue-media-embed@0.0.1~commit: unsafe-perm in lifecycle true
9 verbose lifecycle vue-media-embed@0.0.1~commit: PATH: C:\Users\remo\AppData\Roaming\npm\node_modules\npm\bin\node-gyp-bin;C:\Users\remo\workspace\vue-media-embed\node_modules\.bin;C:\WINDOWS\system32;C:\WINDOWS;C:\WINDOWS\System32\Wbem;C:\WINDOWS\System32\WindowsPowerShell\v1.0\;C:\Users\remo\workspace\wamp\bin\php\php7.0.4;C:\ProgramData\ComposerSetup\bin;C:\Users\remo\workspace\haxe\haxe\;C:\Users\remo\workspace\haxe\neko;C:\Program Files\nodejs\;C:\Users\remo\AppData\Roaming\Composer\vendor\bin;C:\Users\remo\AppData\Local\Atlassian\SourceTree\git_local\bin;C:\Users\remo\AppData\Local\Microsoft\WindowsApps;C:\Users\remo\AppData\Roaming\npm;C:\Users\remo\AppData\Local\atom\bin
10 verbose lifecycle vue-media-embed@0.0.1~commit: CWD: C:\Users\remo\workspace\vue-media-embed
11 silly lifecycle vue-media-embed@0.0.1~commit: Args: [ '/d /s /c', 'git-cz' ]
12 silly lifecycle vue-media-embed@0.0.1~commit: Returned: code: 1  signal: null
13 info lifecycle vue-media-embed@0.0.1~commit: Failed to exec commit script
14 verbose stack Error: vue-media-embed@0.0.1 commit: `git-cz`
14 verbose stack Exit status 1
14 verbose stack     at EventEmitter.<anonymous> (C:\Users\remo\AppData\Roaming\npm\node_modules\npm\lib\utils\lifecycle.js:279:16)
14 verbose stack     at emitTwo (events.js:106:13)
14 verbose stack     at EventEmitter.emit (events.js:191:7)
14 verbose stack     at ChildProcess.<anonymous> (C:\Users\remo\AppData\Roaming\npm\node_modules\npm\lib\utils\spawn.js:40:14)
14 verbose stack     at emitTwo (events.js:106:13)
14 verbose stack     at ChildProcess.emit (events.js:191:7)
14 verbose stack     at maybeClose (internal/child_process.js:852:16)
14 verbose stack     at Process.ChildProcess._handle.onexit (internal/child_process.js:215:5)
15 verbose pkgid vue-media-embed@0.0.1
16 verbose cwd C:\Users\remo\workspace\vue-media-embed
17 error Windows_NT 10.0.14393
18 error argv "C:\\Program Files\\nodejs\\node.exe" "C:\\Users\\remo\\AppData\\Roaming\\npm\\node_modules\\npm\\bin\\npm-cli.js" "run" "commit"
19 error node v6.4.0
20 error npm  v4.0.2
21 error code ELIFECYCLE
22 error vue-media-embed@0.0.1 commit: `git-cz`
22 error Exit status 1
23 error Failed at the vue-media-embed@0.0.1 commit script 'git-cz'.
23 error Make sure you have the latest version of node.js and npm installed.
23 error If you do, this is most likely a problem with the vue-media-embed package,
23 error not with npm itself.
23 error Tell the author that this fails on your system:
23 error     git-cz
23 error You can get information on how to open an issue for this project with:
23 error     npm bugs vue-media-embed
23 error Or if that isn't available, you can get their info via:
23 error     npm owner ls vue-media-embed
23 error There is likely additional logging output above.
24 verbose exit [ 1, true ]
